#
# There is insufficient memory for the Java Runtime Environment to continue.
# Native memory allocation (malloc) failed to allocate 252816 bytes for Chunk::new
# Possible reasons:
#   The system is out of physical RAM or swap space
#   The process is running with CompressedOops enabled, and the Java Heap may be blocking the growth of the native heap
# Possible solutions:
#   Reduce memory load on the system
#   Increase physical memory or swap space
#   Check if swap backing store is full
#   Decrease Java heap size (-Xmx/-Xms)
#   Decrease number of Java threads
#   Decrease Java thread stack sizes (-Xss)
#   Set larger code cache with -XX:ReservedCodeCacheSize=
#   JVM is running with Unscaled Compressed Oops mode in which the Java heap is
#     placed in the first 4GB address space. The Java Heap base address is the
#     maximum limit for the native heap growth. Please use -XX:HeapBaseMinAddress
#     to set the Java Heap base and to place the Java Heap above 4GB virtual address.
# This output file may be truncated or incomplete.
#
#  Out of Memory Error (./open/src/hotspot/share/memory/arena.cpp:195), pid=10424, tid=480
#
# JRE version: OpenJDK Runtime Environment (15.0.2+7) (build 15.0.2+7-27)
# Java VM: OpenJDK 64-Bit Server VM (15.0.2+7-27, mixed mode, tiered, compressed oops, g1 gc, windows-amd64)
# No core dump will be written. Minidumps are not enabled by default on client versions of Windows
#

---------------  S U M M A R Y ------------

Command Line: -Dfile.encoding=Cp1252 -XX:+ShowCodeDetailsInExceptionMessages com.xworkz.institute.InstituteQueryRunner1

Host: Intel(R) Core(TM) i3-2330M CPU @ 2.20GHz, 4 cores, 1G,  Windows 10 , 64 bit Build 19041 (10.0.19041.5072)
Time: Thu Nov 28 22:30:43 2024 India Standard Time elapsed time: 2.635566 seconds (0d 0h 0m 2s)

---------------  T H R E A D  ---------------

Current thread (0x000001c05e3f5250):  JavaThread "C2 CompilerThread0" daemon [_thread_in_native, id=480, stack(0x0000003473000000,0x0000003473100000)]


Current CompileTask:
C2:   2635 1097   !   4       java.util.concurrent.ConcurrentHashMap::putVal (432 bytes)

Stack: [0x0000003473000000,0x0000003473100000]
Native frames: (J=compiled Java code, j=interpreted, Vv=VM code, C=native code)
V  [jvm.dll+0x62ae9a]
V  [jvm.dll+0x7817a9]
V  [jvm.dll+0x782f03]
V  [jvm.dll+0x783563]
V  [jvm.dll+0x216325]
V  [jvm.dll+0x97f3a]
V  [jvm.dll+0x9861c]
V  [jvm.dll+0x32e2a8]
V  [jvm.dll+0x2f768a]
V  [jvm.dll+0x2f6a4a]
V  [jvm.dll+0x1ea705]
V  [jvm.dll+0x1e996e]
V  [jvm.dll+0x178567]
V  [jvm.dll+0x1f9225]
V  [jvm.dll+0x1f72cc]
V  [jvm.dll+0x74495d]
V  [jvm.dll+0x73d75a]
V  [jvm.dll+0x629c56]
C  [ucrtbase.dll+0x21bb2]
C  [KERNEL32.DLL+0x17374]
C  [ntdll.dll+0x4cc91]


---------------  P R O C E S S  ---------------

Threads class SMR info:
_java_thread_list=0x000001c05e6841b0, length=11, elements={
0x000001c047a71390, 0x000001c05e3aa250, 0x000001c05e3b2e70, 0x000001c05e3e4a20,
0x000001c05e3e73f0, 0x000001c05e3e8eb0, 0x000001c05e3f5250, 0x000001c05e3f7d00,
0x000001c05e40aef0, 0x000001c05e6882e0, 0x000001c05e68c7d0
}

Java Threads: ( => current thread )
  0x000001c047a71390 JavaThread "main" [_thread_blocked, id=10440, stack(0x0000003472400000,0x0000003472500000)]
  0x000001c05e3aa250 JavaThread "Reference Handler" daemon [_thread_blocked, id=11992, stack(0x0000003472b00000,0x0000003472c00000)]
  0x000001c05e3b2e70 JavaThread "Finalizer" daemon [_thread_blocked, id=7412, stack(0x0000003472c00000,0x0000003472d00000)]
  0x000001c05e3e4a20 JavaThread "Signal Dispatcher" daemon [_thread_blocked, id=6576, stack(0x0000003472d00000,0x0000003472e00000)]
  0x000001c05e3e73f0 JavaThread "Attach Listener" daemon [_thread_blocked, id=5584, stack(0x0000003472e00000,0x0000003472f00000)]
  0x000001c05e3e8eb0 JavaThread "Service Thread" daemon [_thread_blocked, id=5188, stack(0x0000003472f00000,0x0000003473000000)]
=>0x000001c05e3f5250 JavaThread "C2 CompilerThread0" daemon [_thread_in_native, id=480, stack(0x0000003473000000,0x0000003473100000)]
  0x000001c05e3f7d00 JavaThread "C1 CompilerThread0" daemon [_thread_blocked, id=6472, stack(0x0000003473100000,0x0000003473200000)]
  0x000001c05e40aef0 JavaThread "Sweeper thread" daemon [_thread_blocked, id=8844, stack(0x0000003473200000,0x0000003473300000)]
  0x000001c05e6882e0 JavaThread "Notification Thread" daemon [_thread_blocked, id=4296, stack(0x0000003473300000,0x0000003473400000)]
  0x000001c05e68c7d0 JavaThread "Common-Cleaner" daemon [_thread_blocked, id=6872, stack(0x0000003473500000,0x0000003473600000)]

Other Threads:
  0x000001c05e397970 VMThread "VM Thread" [stack: 0x0000003472a00000,0x0000003472b00000] [id=11696]
  0x000001c05e33d440 WatcherThread [stack: 0x0000003473400000,0x0000003473500000] [id=4828]
  0x000001c047a98320 GCTaskThread "GC Thread#0" [stack: 0x0000003472500000,0x0000003472600000] [id=11204]
  0x000001c05e6a76c0 GCTaskThread "GC Thread#1" [stack: 0x0000003473600000,0x0000003473700000] [id=3684]
  0x000001c047a9dad0 ConcurrentGCThread "G1 Main Marker" [stack: 0x0000003472600000,0x0000003472700000] [id=7244]
  0x000001c047a9e740 ConcurrentGCThread "G1 Conc#0" [stack: 0x0000003472700000,0x0000003472800000] [id=7656]
  0x000001c047adcb30 ConcurrentGCThread "G1 Refine#0" [stack: 0x0000003472800000,0x0000003472900000] [id=7016]
  0x000001c047adf5f0 ConcurrentGCThread "G1 Young RemSet Sampling" [stack: 0x0000003472900000,0x0000003472a00000] [id=1668]

Threads with active compile tasks:
C2 CompilerThread0     2715 1097   !   4       java.util.concurrent.ConcurrentHashMap::putVal (432 bytes)

VM state: at safepoint (normal execution)

VM Mutex/Monitor currently owned by a thread:  ([mutex/lock_event])
[0x000001c047a6df40] Threads_lock - owner thread: 0x000001c05e397970
[0x000001c047a6cb00] Heap_lock - owner thread: 0x000001c047a71390

Heap address: 0x00000000e1600000, size: 490 MB, Compressed Oops mode: 32-bit
CDS disabled.
Compressed class space mapped at: 0x0000000100000000-0x0000000140000000, size: 1073741824
Narrow klass base: 0x0000000000000000, Narrow klass shift: 3, Narrow klass range: 0x140000000

GC Precious Log:
 CPUs: 4 total, 4 available
 Memory: 1956M
 Large Page Support: Disabled
 NUMA Support: Disabled
 Compressed Oops: Enabled (32-bit)
 Heap Region Size: 1M
 Heap Min Capacity: 8M
 Heap Initial Capacity: 32M
 Heap Max Capacity: 490M
 Pre-touch: Disabled
 Parallel Workers: 4
 Concurrent Workers: 1
 Concurrent Refinement Workers: 4
 Periodic GC: Disabled

Heap:
 garbage-first heap   total 24576K, used 5534K [0x00000000e1600000, 0x0000000100000000)
  region size 1024K, 1 young (1024K), 1 survivors (1024K)
 Metaspace       used 16846K, capacity 16950K, committed 17024K, reserved 1083392K
  class space    used 1781K, capacity 1848K, committed 1920K, reserved 1048576K

Heap Regions: E=young(eden), S=young(survivor), O=old, HS=humongous(starts), HC=humongous(continues), CS=collection set, F=free, OA=open archive, CA=closed archive, TAMS=top-at-mark-start (previous, next)
|   0|0x00000000e1600000, 0x00000000e1700000, 0x00000000e1700000|100%|HS|  |TAMS 0x00000000e1700000, 0x00000000e1700000| Complete 
|   1|0x00000000e1700000, 0x00000000e1800000, 0x00000000e1800000|100%| O|  |TAMS 0x00000000e1800000, 0x00000000e1800000| Untracked 
|   2|0x00000000e1800000, 0x00000000e1900000, 0x00000000e1900000|100%| O|  |TAMS 0x00000000e1900000, 0x00000000e1900000| Untracked 
|   3|0x00000000e1900000, 0x00000000e194bc00, 0x00000000e1a00000| 29%| O|  |TAMS 0x00000000e194bc00, 0x00000000e194bc00| Untracked 
|   4|0x00000000e1a00000, 0x00000000e1b00000, 0x00000000e1b00000|100%| O|  |TAMS 0x00000000e1a00000, 0x00000000e1a00000| Untracked 
|   5|0x00000000e1b00000, 0x00000000e1b80400, 0x00000000e1c00000| 50%| O|  |TAMS 0x00000000e1b00000, 0x00000000e1b00000| Untracked 
|   6|0x00000000e1c00000, 0x00000000e1c00000, 0x00000000e1d00000|  0%| F|  |TAMS 0x00000000e1c00000, 0x00000000e1c00000| Untracked 
|   7|0x00000000e1d00000, 0x00000000e1d00000, 0x00000000e1e00000|  0%| F|  |TAMS 0x00000000e1d00000, 0x00000000e1d00000| Untracked 
|   8|0x00000000e1e00000, 0x00000000e1e00000, 0x00000000e1f00000|  0%| F|  |TAMS 0x00000000e1e00000, 0x00000000e1e00000| Untracked 
|   9|0x00000000e1f00000, 0x00000000e1f00000, 0x00000000e2000000|  0%| F|  |TAMS 0x00000000e1f00000, 0x00000000e1f00000| Untracked 
|  10|0x00000000e2000000, 0x00000000e209ba90, 0x00000000e2100000| 60%| S|CS|TAMS 0x00000000e2000000, 0x00000000e2000000| Complete 
|  11|0x00000000e2100000, 0x00000000e2100000, 0x00000000e2200000|  0%| F|  |TAMS 0x00000000e2100000, 0x00000000e2100000| Untracked 
|  12|0x00000000e2200000, 0x00000000e2200000, 0x00000000e2300000|  0%| F|  |TAMS 0x00000000e2200000, 0x00000000e2200000| Untracked 
|  13|0x00000000e2300000, 0x00000000e2300000, 0x00000000e2400000|  0%| F|  |TAMS 0x00000000e2300000, 0x00000000e2300000| Untracked 
|  14|0x00000000e2400000, 0x00000000e2400000, 0x00000000e2500000|  0%| F|  |TAMS 0x00000000e2400000, 0x00000000e2400000| Untracked 
|  15|0x00000000e2500000, 0x00000000e2500000, 0x00000000e2600000|  0%| F|  |TAMS 0x00000000e2500000, 0x00000000e2500000| Untracked 
|  16|0x00000000e2600000, 0x00000000e2600000, 0x00000000e2700000|  0%| F|  |TAMS 0x00000000e2600000, 0x00000000e2600000| Untracked 
|  17|0x00000000e2700000, 0x00000000e2700000, 0x00000000e2800000|  0%| F|  |TAMS 0x00000000e2700000, 0x00000000e2700000| Untracked 
|  18|0x00000000e2800000, 0x00000000e2800000, 0x00000000e2900000|  0%| F|  |TAMS 0x00000000e2800000, 0x00000000e2800000| Untracked 
|  19|0x00000000e2900000, 0x00000000e2900000, 0x00000000e2a00000|  0%| F|  |TAMS 0x00000000e2900000, 0x00000000e2900000| Untracked 
|  20|0x00000000e2a00000, 0x00000000e2a00000, 0x00000000e2b00000|  0%| F|  |TAMS 0x00000000e2a00000, 0x00000000e2a00000| Untracked 
|  24|0x00000000e2e00000, 0x00000000e2e00000, 0x00000000e2f00000|  0%| F|  |TAMS 0x00000000e2e00000, 0x00000000e2e00000| Untracked 
|  25|0x00000000e2f00000, 0x00000000e2f00000, 0x00000000e3000000|  0%| F|  |TAMS 0x00000000e2f00000, 0x00000000e2f00000| Untracked 
|  31|0x00000000e3500000, 0x00000000e3500000, 0x00000000e3600000|  0%| F|  |TAMS 0x00000000e3500000, 0x00000000e3500000| Untracked 

Card table byte_map: [0x000001c05a480000,0x000001c05a580000] _byte_map_base: 0x000001c059d75000

Marking Bits (Prev, Next): (CMBitMap*) 0x000001c047a98bd0, (CMBitMap*) 0x000001c047a98b90
 Prev Bits: [0x000001c05ae30000, 0x000001c05b5d8000)
 Next Bits: [0x000001c05a680000, 0x000001c05ae28000)

Polling page: 0x000001c045850000

Metaspace:

Usage:
  Non-class:     14.75 MB capacity,    14.71 MB (>99%) used,    21.02 KB ( <1%) free+waste,    16.12 KB ( <1%) overhead. 
      Class:      1.80 MB capacity,     1.74 MB ( 96%) used,    60.74 KB (  3%) free+waste,     5.62 KB ( <1%) overhead. 
       Both:     16.55 MB capacity,    16.45 MB (>99%) used,    81.77 KB ( <1%) free+waste,    21.75 KB ( <1%) overhead. 

Virtual space:
  Non-class space:       34.00 MB reserved,      14.75 MB ( 43%) committed 
      Class space:        1.00 GB reserved,       1.88 MB ( <1%) committed 
             Both:        1.03 GB reserved,      16.62 MB (  2%) committed 

Chunk freelists:
   Non-Class:  2.00 KB
       Class:  8.00 KB
        Both:  10.00 KB

MaxMetaspaceSize: 17179869184.00 GB
CompressedClassSpaceSize: 1.00 GB

CodeHeap 'non-profiled nmethods': size=120000Kb used=334Kb max_used=334Kb free=119665Kb
 bounds [0x000001c052f50000, 0x000001c0531c0000, 0x000001c05a480000]
CodeHeap 'profiled nmethods': size=120000Kb used=1987Kb max_used=1987Kb free=118012Kb
 bounds [0x000001c04ba20000, 0x000001c04bc90000, 0x000001c052f50000]
CodeHeap 'non-nmethods': size=5760Kb used=1173Kb max_used=1177Kb free=4587Kb
 bounds [0x000001c04b480000, 0x000001c04b6f0000, 0x000001c04ba20000]
 total_blobs=1532 nmethods=1103 adapters=342
 compilation: enabled
              stopped_count=0, restarted_count=0
 full_count=0

Compilation events (20 events):
Event: 2.598 Thread 0x000001c05e3f7d00 1095       3       java.lang.invoke.BootstrapMethodInvoker::maybeReBox (28 bytes)
Event: 2.598 Thread 0x000001c05e3f7d00 nmethod 1095 0x000001c04bc0c190 code [0x000001c04bc0c360, 0x000001c04bc0c938]
Event: 2.600 Thread 0x000001c05e3f7d00 1098       3       java.lang.invoke.MemberName::checkForTypeAlias (172 bytes)
Event: 2.601 Thread 0x000001c05e3f5250 nmethod 1094 0x000001c052fa3010 code [0x000001c052fa3180, 0x000001c052fa34b8]
Event: 2.601 Thread 0x000001c05e3f5250 1097   !   4       java.util.concurrent.ConcurrentHashMap::putVal (432 bytes)
Event: 2.603 Thread 0x000001c05e3f7d00 nmethod 1098 0x000001c04bc0cb10 code [0x000001c04bc0cf60, 0x000001c04bc0ed38]
Event: 2.604 Thread 0x000001c05e3f7d00 1099       3       java.lang.invoke.MemberName::<init> (50 bytes)
Event: 2.605 Thread 0x000001c05e3f7d00 nmethod 1099 0x000001c04bc0f610 code [0x000001c04bc0f7e0, 0x000001c04bc0faf8]
Event: 2.605 Thread 0x000001c05e3f7d00 1101       3       java.util.concurrent.ConcurrentHashMap$EntryIterator::next (5 bytes)
Event: 2.605 Thread 0x000001c05e3f7d00 nmethod 1101 0x000001c04bc0fc90 code [0x000001c04bc0fe40, 0x000001c04bc0ff68]
Event: 2.605 Thread 0x000001c05e3f7d00 1100       3       jdk.internal.org.objectweb.asm.Type::<init> (26 bytes)
Event: 2.605 Thread 0x000001c05e3f7d00 nmethod 1100 0x000001c04bc10010 code [0x000001c04bc101a0, 0x000001c04bc10358]
Event: 2.608 Thread 0x000001c05e3f7d00 1103       1       java.util.HashMap$Node::getValue (5 bytes)
Event: 2.608 Thread 0x000001c05e3f7d00 nmethod 1103 0x000001c052fa3510 code [0x000001c052fa36a0, 0x000001c052fa3758]
Event: 2.608 Thread 0x000001c05e3f7d00 1104       1       java.util.HashMap$Node::getKey (5 bytes)
Event: 2.608 Thread 0x000001c05e3f7d00 nmethod 1104 0x000001c052fa3810 code [0x000001c052fa39a0, 0x000001c052fa3a58]
Event: 2.608 Thread 0x000001c05e3f7d00 1105       3       java.util.HashMap$EntryIterator::next (5 bytes)
Event: 2.609 Thread 0x000001c05e3f7d00 nmethod 1105 0x000001c04bc10410 code [0x000001c04bc105c0, 0x000001c04bc10748]
Event: 2.613 Thread 0x000001c05e3f7d00 1106       2       jdk.internal.misc.Unsafe::allocateUninitializedArray (55 bytes)
Event: 2.613 Thread 0x000001c05e3f7d00 nmethod 1106 0x000001c04bc10810 code [0x000001c04bc10a00, 0x000001c04bc10d58]

GC Heap History (9 events):
Event: 0.753 GC heap before
{Heap before GC invocations=0 (full 0):
 garbage-first heap   total 32768K, used 13312K [0x00000000e1600000, 0x0000000100000000)
  region size 1024K, 13 young (13312K), 0 survivors (0K)
 Metaspace       used 6302K, capacity 6387K, committed 6528K, reserved 1056768K
  class space    used 521K, capacity 529K, committed 640K, reserved 1048576K
}
Event: 0.759 GC heap after
{Heap after GC invocations=1 (full 0):
 garbage-first heap   total 32768K, used 3362K [0x00000000e1600000, 0x0000000100000000)
  region size 1024K, 2 young (2048K), 2 survivors (2048K)
 Metaspace       used 6302K, capacity 6387K, committed 6528K, reserved 1056768K
  class space    used 521K, capacity 529K, committed 640K, reserved 1048576K
}
Event: 0.773 GC heap before
{Heap before GC invocations=1 (full 0):
 garbage-first heap   total 32768K, used 14626K [0x00000000e1600000, 0x0000000100000000)
  region size 1024K, 14 young (14336K), 2 survivors (2048K)
 Metaspace       used 6302K, capacity 6387K, committed 6528K, reserved 1056768K
  class space    used 521K, capacity 529K, committed 640K, reserved 1048576K
}
Event: 0.778 GC heap after
{Heap after GC invocations=2 (full 0):
 garbage-first heap   total 32768K, used 3428K [0x00000000e1600000, 0x0000000100000000)
  region size 1024K, 1 young (1024K), 1 survivors (1024K)
 Metaspace       used 6302K, capacity 6387K, committed 6528K, reserved 1056768K
  class space    used 521K, capacity 529K, committed 640K, reserved 1048576K
}
Event: 0.994 GC heap before
{Heap before GC invocations=2 (full 0):
 garbage-first heap   total 32768K, used 15716K [0x00000000e1600000, 0x0000000100000000)
  region size 1024K, 14 young (14336K), 1 survivors (1024K)
 Metaspace       used 7528K, capacity 7577K, committed 7680K, reserved 1056768K
  class space    used 646K, capacity 670K, committed 768K, reserved 1048576K
}
Event: 0.996 GC heap after
{Heap after GC invocations=3 (full 0):
 garbage-first heap   total 32768K, used 3656K [0x00000000e1600000, 0x0000000100000000)
  region size 1024K, 1 young (1024K), 1 survivors (1024K)
 Metaspace       used 7528K, capacity 7577K, committed 7680K, reserved 1056768K
  class space    used 646K, capacity 670K, committed 768K, reserved 1048576K
}
Event: 1.627 GC heap before
{Heap before GC invocations=3 (full 0):
 garbage-first heap   total 32768K, used 8776K [0x00000000e1600000, 0x0000000100000000)
  region size 1024K, 7 young (7168K), 1 survivors (1024K)
 Metaspace       used 13412K, capacity 13551K, committed 13568K, reserved 1071104K
  class space    used 1211K, capacity 1270K, committed 1280K, reserved 1048576K
}
Event: 1.632 GC heap after
{Heap after GC invocations=4 (full 0):
 garbage-first heap   total 32768K, used 4939K [0x00000000e1600000, 0x0000000100000000)
  region size 1024K, 2 young (2048K), 2 survivors (2048K)
 Metaspace       used 13412K, capacity 13551K, committed 13568K, reserved 1071104K
  class space    used 1211K, capacity 1270K, committed 1280K, reserved 1048576K
}
Event: 2.620 GC heap before
{Heap before GC invocations=5 (full 0):
 garbage-first heap   total 24576K, used 15179K [0x00000000e1600000, 0x0000000100000000)
  region size 1024K, 13 young (13312K), 2 survivors (2048K)
 Metaspace       used 16846K, capacity 16950K, committed 17024K, reserved 1081344K
  class space    used 1781K, capacity 1848K, committed 1920K, reserved 1048576K
}

Deoptimization events (20 events):
Event: 2.562 Thread 0x000001c047a71390 Uncommon trap: trap_request=0xffffffc6 fr.pc=0x000001c052f9e338 relative=0x00000000000003f8
Event: 2.562 Thread 0x000001c047a71390 Uncommon trap: reason=bimorphic_or_optimized_type_check action=maybe_recompile pc=0x000001c052f9e338 method=java.util.HashMap.getNode(Ljava/lang/Object;)Ljava/util/HashMap$Node; @ 128 c2
Event: 2.562 Thread 0x000001c047a71390 DEOPT PACKING pc=0x000001c052f9e338 sp=0x00000034724fdab0
Event: 2.562 Thread 0x000001c047a71390 DEOPT UNPACKING pc=0x000001c04b4ce42f sp=0x00000034724fd9c8 mode 2
Event: 2.597 Thread 0x000001c047a71390 Uncommon trap: trap_request=0xffffffde fr.pc=0x000001c052fa2928 relative=0x0000000000000108
Event: 2.597 Thread 0x000001c047a71390 Uncommon trap: reason=class_check action=maybe_recompile pc=0x000001c052fa2928 method=jdk.internal.misc.Unsafe.allocateUninitializedArray(Ljava/lang/Class;I)Ljava/lang/Object; @ 51 c2
Event: 2.597 Thread 0x000001c047a71390 DEOPT PACKING pc=0x000001c052fa2928 sp=0x00000034724fdc40
Event: 2.597 Thread 0x000001c047a71390 DEOPT UNPACKING pc=0x000001c04b4ce42f sp=0x00000034724fdbc8 mode 2
Event: 2.597 Thread 0x000001c047a71390 Uncommon trap: trap_request=0xffffffde fr.pc=0x000001c052fa2928 relative=0x0000000000000108
Event: 2.597 Thread 0x000001c047a71390 Uncommon trap: reason=class_check action=maybe_recompile pc=0x000001c052fa2928 method=jdk.internal.misc.Unsafe.allocateUninitializedArray(Ljava/lang/Class;I)Ljava/lang/Object; @ 51 c2
Event: 2.597 Thread 0x000001c047a71390 DEOPT PACKING pc=0x000001c052fa2928 sp=0x00000034724fdbd0
Event: 2.597 Thread 0x000001c047a71390 DEOPT UNPACKING pc=0x000001c04b4ce42f sp=0x00000034724fdb58 mode 2
Event: 2.597 Thread 0x000001c047a71390 Uncommon trap: trap_request=0xffffffde fr.pc=0x000001c052fa2928 relative=0x0000000000000108
Event: 2.597 Thread 0x000001c047a71390 Uncommon trap: reason=class_check action=maybe_recompile pc=0x000001c052fa2928 method=jdk.internal.misc.Unsafe.allocateUninitializedArray(Ljava/lang/Class;I)Ljava/lang/Object; @ 51 c2
Event: 2.597 Thread 0x000001c047a71390 DEOPT PACKING pc=0x000001c052fa2928 sp=0x00000034724fdad0
Event: 2.597 Thread 0x000001c047a71390 DEOPT UNPACKING pc=0x000001c04b4ce42f sp=0x00000034724fda58 mode 2
Event: 2.597 Thread 0x000001c047a71390 Uncommon trap: trap_request=0xffffffde fr.pc=0x000001c052fa2928 relative=0x0000000000000108
Event: 2.597 Thread 0x000001c047a71390 Uncommon trap: reason=class_check action=maybe_recompile pc=0x000001c052fa2928 method=jdk.internal.misc.Unsafe.allocateUninitializedArray(Ljava/lang/Class;I)Ljava/lang/Object; @ 51 c2
Event: 2.597 Thread 0x000001c047a71390 DEOPT PACKING pc=0x000001c052fa2928 sp=0x00000034724fdb80
Event: 2.597 Thread 0x000001c047a71390 DEOPT UNPACKING pc=0x000001c04b4ce42f sp=0x00000034724fdb08 mode 2

Classes unloaded (0 events):
No events

Classes redefined (0 events):
No events

Internal exceptions (6 events):
Event: 0.690 Thread 0x000001c047a71390 Exception <a 'java/lang/NoSuchMethodError'{0x00000000e32b0eb8}: 'void java.lang.invoke.DirectMethodHandle$Holder.invokeSpecial(java.lang.Object, java.lang.Object, java.lang.Object)'> (0x00000000e32b0eb8) 
thrown [./open/src/hotspot/share/interpreter/linkResolver.cpp, line 782]
Event: 0.953 Thread 0x000001c047a71390 Exception <a 'java/lang/NoSuchMethodError'{0x00000000e2871258}: 'java.lang.Object java.lang.invoke.DirectMethodHandle$Holder.invokeStatic(java.lang.Object, java.lang.Object, int)'> (0x00000000e2871258) 
thrown [./open/src/hotspot/share/interpreter/linkResolver.cpp, line 782]
Event: 0.956 Thread 0x000001c047a71390 Exception <a 'java/lang/NoSuchMethodError'{0x00000000e287d408}: 'void java.lang.invoke.DelegatingMethodHandle$Holder.delegate(java.lang.Object, java.lang.Object, int, java.lang.Object)'> (0x00000000e287d408) 
thrown [./open/src/hotspot/share/interpreter/linkResolver.cpp, line 782]
Event: 0.957 Thread 0x000001c047a71390 Exception <a 'java/lang/NoSuchMethodError'{0x00000000e2881750}: 'int java.lang.invoke.DirectMethodHandle$Holder.invokeSpecial(java.lang.Object, java.lang.Object, java.lang.Object)'> (0x00000000e2881750) 
thrown [./open/src/hotspot/share/interpreter/linkResolver.cpp, line 782]
Event: 1.164 Thread 0x000001c047a71390 Exception <a 'java/lang/NoSuchMethodError'{0x00000000e3445e58}: 'java.lang.Object java.lang.invoke.DirectMethodHandle$Holder.invokeStatic(java.lang.Object)'> (0x00000000e3445e58) 
thrown [./open/src/hotspot/share/interpreter/linkResolver.cpp, line 782]
Event: 1.343 Thread 0x000001c047a71390 Exception <a 'java/lang/ClassNotFoundException'{0x00000000e3329058}: com/sun/org/apache/xerces/internal/impl/xpath/regex/spi/messageProvider> (0x00000000e3329058) 
thrown [./open/src/hotspot/share/classfile/systemDictionary.cpp, line 295]

Events (20 events):
Event: 2.596 loading class java/lang/invoke/DirectMethodHandle$Special
Event: 2.596 loading class java/lang/invoke/DirectMethodHandle$Special done
Event: 2.614 loading class java/util/concurrent/atomic/AtomicBoolean
Event: 2.614 loading class java/util/concurrent/atomic/AtomicBoolean done
Event: 2.615 loading class java/lang/invoke/VarHandles
Event: 2.616 loading class java/lang/invoke/VarHandles done
Event: 2.616 loading class java/lang/invoke/VarHandles$1
Event: 2.616 loading class java/lang/invoke/VarHandles$1 done
Event: 2.616 loading class java/lang/invoke/VarHandleInts$FieldInstanceReadWrite
Event: 2.617 loading class java/lang/invoke/VarHandleInts$FieldInstanceReadOnly
Event: 2.617 loading class java/lang/invoke/VarHandleInts$FieldInstanceReadOnly done
Event: 2.617 loading class java/lang/invoke/VarHandleInts$FieldInstanceReadWrite done
Event: 2.617 loading class java/lang/invoke/VarHandle$1
Event: 2.617 loading class java/lang/invoke/VarHandle$1 done
Event: 2.617 loading class jdk/internal/util/Preconditions$1
Event: 2.617 loading class jdk/internal/util/Preconditions$1 done
Event: 2.617 loading class java/lang/invoke/VarHandleGuards
Event: 2.618 loading class java/lang/invoke/VarHandleGuards done
Event: 2.619 loading class java/lang/invoke/VarForm
Event: 2.619 Executing VM operation: CollectForMetadataAllocation


Dynamic libraries:
0x00007ff678990000 - 0x00007ff67899d000 	C:\Users\DELL\Downloads\eclipse-jee-2021-03-R-win32-x86_64 (1)\eclipse\plugins\org.eclipse.justj.openjdk.hotspot.jre.full.win32.x86_64_15.0.2.v20210201-0955\jre\bin\javaw.exe
0x00007ffe48cb0000 - 0x00007ffe48ea8000 	C:\Windows\SYSTEM32\ntdll.dll
0x00007ffe47bf0000 - 0x00007ffe47cb2000 	C:\Windows\System32\KERNEL32.DLL
0x00007ffe46660000 - 0x00007ffe4695e000 	C:\Windows\System32\KERNELBASE.dll
0x00007ffe46b30000 - 0x00007ffe46c30000 	C:\Windows\System32\ucrtbase.dll
0x00007ffe3adc0000 - 0x00007ffe3add9000 	C:\Users\DELL\Downloads\eclipse-jee-2021-03-R-win32-x86_64 (1)\eclipse\plugins\org.eclipse.justj.openjdk.hotspot.jre.full.win32.x86_64_15.0.2.v20210201-0955\jre\bin\VCRUNTIME140.dll
0x00007ffe382d0000 - 0x00007ffe382e8000 	C:\Users\DELL\Downloads\eclipse-jee-2021-03-R-win32-x86_64 (1)\eclipse\plugins\org.eclipse.justj.openjdk.hotspot.jre.full.win32.x86_64_15.0.2.v20210201-0955\jre\bin\jli.dll
0x00007ffe47520000 - 0x00007ffe476bd000 	C:\Windows\System32\USER32.dll
0x00007ffe46500000 - 0x00007ffe46522000 	C:\Windows\System32\win32u.dll
0x00007ffe40570000 - 0x00007ffe4080a000 	C:\Windows\WinSxS\amd64_microsoft.windows.common-controls_6595b64144ccf1df_6.0.19041.4355_none_60b8b9eb71f62e16\COMCTL32.dll
0x00007ffe48b10000 - 0x00007ffe48b3b000 	C:\Windows\System32\GDI32.dll
0x00007ffe46dc0000 - 0x00007ffe46e5e000 	C:\Windows\System32\msvcrt.dll
0x00007ffe46a10000 - 0x00007ffe46b27000 	C:\Windows\System32\gdi32full.dll
0x00007ffe46c30000 - 0x00007ffe46ccd000 	C:\Windows\System32\msvcp_win.dll
0x00007ffe47cc0000 - 0x00007ffe47cef000 	C:\Windows\System32\IMM32.DLL
0x00007ffe379b0000 - 0x00007ffe379bc000 	C:\Users\DELL\Downloads\eclipse-jee-2021-03-R-win32-x86_64 (1)\eclipse\plugins\org.eclipse.justj.openjdk.hotspot.jre.full.win32.x86_64_15.0.2.v20210201-0955\jre\bin\vcruntime140_1.dll
0x00007ffe1d9f0000 - 0x00007ffe1da81000 	C:\Users\DELL\Downloads\eclipse-jee-2021-03-R-win32-x86_64 (1)\eclipse\plugins\org.eclipse.justj.openjdk.hotspot.jre.full.win32.x86_64_15.0.2.v20210201-0955\jre\bin\msvcp140.dll
0x00007ffe08d60000 - 0x00007ffe098be000 	C:\Users\DELL\Downloads\eclipse-jee-2021-03-R-win32-x86_64 (1)\eclipse\plugins\org.eclipse.justj.openjdk.hotspot.jre.full.win32.x86_64_15.0.2.v20210201-0955\jre\bin\server\jvm.dll
0x00007ffe47b30000 - 0x00007ffe47be1000 	C:\Windows\System32\ADVAPI32.dll
0x00007ffe47a90000 - 0x00007ffe47b2f000 	C:\Windows\System32\sechost.dll
0x00007ffe489e0000 - 0x00007ffe48b03000 	C:\Windows\System32\RPCRT4.dll
0x00007ffe46630000 - 0x00007ffe46657000 	C:\Windows\System32\bcrypt.dll
0x00007ffe46db0000 - 0x00007ffe46db8000 	C:\Windows\System32\PSAPI.DLL
0x00007ffe36bd0000 - 0x00007ffe36bf7000 	C:\Windows\SYSTEM32\WINMM.dll
0x00007ffe385b0000 - 0x00007ffe385ba000 	C:\Windows\SYSTEM32\VERSION.dll
0x00007ffe400e0000 - 0x00007ffe400e9000 	C:\Windows\SYSTEM32\WSOCK32.dll
0x00007ffe47930000 - 0x00007ffe4799b000 	C:\Windows\System32\ws2_32.DLL
0x00007ffe441d0000 - 0x00007ffe441e2000 	C:\Windows\SYSTEM32\kernel.appcore.dll
0x00007ffe400d0000 - 0x00007ffe400da000 	C:\Users\DELL\Downloads\eclipse-jee-2021-03-R-win32-x86_64 (1)\eclipse\plugins\org.eclipse.justj.openjdk.hotspot.jre.full.win32.x86_64_15.0.2.v20210201-0955\jre\bin\jimage.dll
0x00007ffe3cd30000 - 0x00007ffe3cf14000 	C:\Windows\SYSTEM32\DBGHELP.DLL
0x00007ffe3cad0000 - 0x00007ffe3cb04000 	C:\Windows\SYSTEM32\dbgcore.DLL
0x00007ffe46530000 - 0x00007ffe465b2000 	C:\Windows\System32\bcryptPrimitives.dll
0x00007ffe296a0000 - 0x00007ffe296c5000 	C:\Users\DELL\Downloads\eclipse-jee-2021-03-R-win32-x86_64 (1)\eclipse\plugins\org.eclipse.justj.openjdk.hotspot.jre.full.win32.x86_64_15.0.2.v20210201-0955\jre\bin\java.dll
0x00007ffe28860000 - 0x00007ffe28878000 	C:\Users\DELL\Downloads\eclipse-jee-2021-03-R-win32-x86_64 (1)\eclipse\plugins\org.eclipse.justj.openjdk.hotspot.jre.full.win32.x86_64_15.0.2.v20210201-0955\jre\bin\zip.dll
0x00007ffe48210000 - 0x00007ffe4897d000 	C:\Windows\System32\SHELL32.dll
0x00007ffe443d0000 - 0x00007ffe44b74000 	C:\Windows\SYSTEM32\windows.storage.dll
0x00007ffe471c0000 - 0x00007ffe47513000 	C:\Windows\System32\combase.dll
0x00007ffe45cb0000 - 0x00007ffe45cde000 	C:\Windows\SYSTEM32\Wldp.dll
0x00007ffe47030000 - 0x00007ffe470fd000 	C:\Windows\System32\OLEAUT32.dll
0x00007ffe48160000 - 0x00007ffe4820d000 	C:\Windows\System32\SHCORE.dll
0x00007ffe48980000 - 0x00007ffe489d5000 	C:\Windows\System32\shlwapi.dll
0x00007ffe46280000 - 0x00007ffe462a4000 	C:\Windows\SYSTEM32\profapi.dll
0x00007ffe28840000 - 0x00007ffe28859000 	C:\Users\DELL\Downloads\eclipse-jee-2021-03-R-win32-x86_64 (1)\eclipse\plugins\org.eclipse.justj.openjdk.hotspot.jre.full.win32.x86_64_15.0.2.v20210201-0955\jre\bin\net.dll
0x00007ffe3f150000 - 0x00007ffe3f25d000 	C:\Windows\SYSTEM32\WINHTTP.dll
0x00007ffe45a10000 - 0x00007ffe45a7a000 	C:\Windows\system32\mswsock.dll
0x00007ffe28820000 - 0x00007ffe28832000 	C:\Users\DELL\Downloads\eclipse-jee-2021-03-R-win32-x86_64 (1)\eclipse\plugins\org.eclipse.justj.openjdk.hotspot.jre.full.win32.x86_64_15.0.2.v20210201-0955\jre\bin\nio.dll
0x00007ffe32d30000 - 0x00007ffe32d40000 	C:\Users\DELL\Downloads\eclipse-jee-2021-03-R-win32-x86_64 (1)\eclipse\plugins\org.eclipse.justj.openjdk.hotspot.jre.full.win32.x86_64_15.0.2.v20210201-0955\jre\bin\verify.dll

dbghelp: loaded successfully - version: 4.0.5 - missing functions: none
symbol engine: initialized successfully - sym options: 0x614 - pdb path: .;C:\Users\DELL\Downloads\eclipse-jee-2021-03-R-win32-x86_64 (1)\eclipse\plugins\org.eclipse.justj.openjdk.hotspot.jre.full.win32.x86_64_15.0.2.v20210201-0955\jre\bin;C:\Windows\SYSTEM32;C:\Windows\WinSxS\amd64_microsoft.windows.common-controls_6595b64144ccf1df_6.0.19041.4355_none_60b8b9eb71f62e16;C:\Users\DELL\Downloads\eclipse-jee-2021-03-R-win32-x86_64 (1)\eclipse\plugins\org.eclipse.justj.openjdk.hotspot.jre.full.win32.x86_64_15.0.2.v20210201-0955\jre\bin\server

VM Arguments:
jvm_args: -Dfile.encoding=Cp1252 -XX:+ShowCodeDetailsInExceptionMessages 
java_command: com.xworkz.institute.InstituteQueryRunner1
java_class_path (initial): C:\Users\DELL\Desktop\eclipse\institute\target\classes;C:\Users\DELL\Downloads\apache-tomcat-9.0.38-windows-x64\apache-tomcat-9.0.38\lib\annotations-api.jar;C:\Users\DELL\Downloads\apache-tomcat-9.0.38-windows-x64\apache-tomcat-9.0.38\lib\catalina-ant.jar;C:\Users\DELL\Downloads\apache-tomcat-9.0.38-windows-x64\apache-tomcat-9.0.38\lib\catalina-ha.jar;C:\Users\DELL\Downloads\apache-tomcat-9.0.38-windows-x64\apache-tomcat-9.0.38\lib\catalina-ssi.jar;C:\Users\DELL\Downloads\apache-tomcat-9.0.38-windows-x64\apache-tomcat-9.0.38\lib\catalina-storeconfig.jar;C:\Users\DELL\Downloads\apache-tomcat-9.0.38-windows-x64\apache-tomcat-9.0.38\lib\catalina-tribes.jar;C:\Users\DELL\Downloads\apache-tomcat-9.0.38-windows-x64\apache-tomcat-9.0.38\lib\catalina.jar;C:\Users\DELL\Downloads\apache-tomcat-9.0.38-windows-x64\apache-tomcat-9.0.38\lib\ecj-4.15.jar;C:\Users\DELL\Downloads\apache-tomcat-9.0.38-windows-x64\apache-tomcat-9.0.38\lib\el-api.jar;C:\Users\DELL\Downloads\apache-tomcat-9.0.38-windows-x64\apache-tomcat-9.0.38\lib\jasper-el.jar;C:\Users\DELL\Downloads\apache-tomcat-9.0.38-windows-x64\apache-tomcat-9.0.38\lib\jasper.jar;C:\Users\DELL\Downloads\apache-tomcat-9.0.38-windows-x64\apache-tomcat-9.0.38\lib\jaspic-api.jar;C:\Users\DELL\Downloads\apache-tomcat-9.0.38-windows-x64\apache-tomcat-9.0.38\lib\jsp-api.jar;C:\Users\DELL\Downloads\apache-tomcat-9.0.38-windows-x64\apache-tomcat-9.0.38\lib\servlet-api.jar;C:\Users\DELL\Downloads\apache-tomcat-9.0.38-windows-x64\apache-tomcat-9.0.38\lib\tomcat-api.jar;C:\Users\DELL\Downloads\apache-tomcat-9.0.38-windows-x64\apache-tomcat-9.0.38\lib\tomcat-coyote.jar;C:\Users\DELL\Downloads\apache-tomcat-9.0.38-windows-x64\apache-tomcat-9.0.38\lib\tomcat-dbcp.jar;C:\Users\DELL\Downloads\apache-tomcat-9.0.38-windows-x64\apache-tomcat-9.0.38\lib\tomcat-i18n-cs.jar;C:\Users\DELL\Downloads\apache-tomcat-9.0.38-windows-x64\apache-tomcat-9.0.38\lib\tomcat-i18n-de.jar;C:\Users\DELL\Downloads\apache-tomcat-9.0.38-window
Launcher Type: SUN_STANDARD

[Global flags]
     intx CICompilerCount                          = 3                                         {product} {ergonomic}
     uint ConcGCThreads                            = 1                                         {product} {ergonomic}
     uint G1ConcRefinementThreads                  = 4                                         {product} {ergonomic}
   size_t G1HeapRegionSize                         = 1048576                                   {product} {ergonomic}
    uintx GCDrainStackTargetSize                   = 64                                        {product} {ergonomic}
   size_t InitialHeapSize                          = 33554432                                  {product} {ergonomic}
   size_t MarkStackSize                            = 4194304                                   {product} {ergonomic}
   size_t MaxHeapSize                              = 513802240                                 {product} {ergonomic}
   size_t MaxNewSize                               = 308281344                                 {product} {ergonomic}
   size_t MinHeapDeltaBytes                        = 1048576                                   {product} {ergonomic}
   size_t MinHeapSize                              = 8388608                                   {product} {ergonomic}
    uintx NonNMethodCodeHeapSize                   = 5832780                                {pd product} {ergonomic}
    uintx NonProfiledCodeHeapSize                  = 122912730                              {pd product} {ergonomic}
    uintx ProfiledCodeHeapSize                     = 122912730                              {pd product} {ergonomic}
    uintx ReservedCodeCacheSize                    = 251658240                              {pd product} {ergonomic}
     bool SegmentedCodeCache                       = true                                      {product} {ergonomic}
     bool ShowCodeDetailsInExceptionMessages       = true                                   {manageable} {command line}
   size_t SoftMaxHeapSize                          = 513802240                              {manageable} {ergonomic}
     bool UseCompressedClassPointers               = true                                 {lp64_product} {ergonomic}
     bool UseCompressedOops                        = true                                 {lp64_product} {ergonomic}
     bool UseG1GC                                  = true                                      {product} {ergonomic}
     bool UseLargePagesIndividualAllocation        = false                                  {pd product} {ergonomic}

Logging:
Log output configuration:
 #0: stdout all=warning uptime,level,tags
 #1: stderr all=off uptime,level,tags

Environment Variables:
JAVA_HOME=C:\Program Files\Java\jdk1.8.0_261
PATH=C:/Users/DELL/Downloads/eclipse-jee-2021-03-R-win32-x86_64 (1)/eclipse//plugins/org.eclipse.justj.openjdk.hotspot.jre.full.win32.x86_64_15.0.2.v20210201-0955/jre/bin/server;C:/Users/DELL/Downloads/eclipse-jee-2021-03-R-win32-x86_64 (1)/eclipse//plugins/org.eclipse.justj.openjdk.hotspot.jre.full.win32.x86_64_15.0.2.v20210201-0955/jre/bin;C:\Program Files (x86)\Common Files\Oracle\Java\javapath;C:\Windows\system32;C:\Windows;C:\Windows\System32\Wbem;C:\Windows\System32\WindowsPowerShell\v1.0\;C:\Windows\System32\OpenSSH\;C:\Program Files\Git\cmd;C:\Program Files\MySQL\MySQL Shell 8.0\bin\;C:\Program Files\Java\jdk1.8.0_261\bin;C:\Users\DELL\Downloads\apache-tomcat-9.0.38-windows-x64\apache-tomcat-9.0.38\bin;;;C:\Program Files\Java\jre1.8.0_261\bin;C:\Users\DELL\AppData\Local\Programs\Microsoft VS Code\bin;C:\Users\DELL\Downloads\eclipse-jee-2021-03-R-win32-x86_64 (1)\eclipse;
USERNAME=DELL
OS=Windows_NT
PROCESSOR_IDENTIFIER=Intel64 Family 6 Model 42 Stepping 7, GenuineIntel



---------------  S Y S T E M  ---------------

OS:
 Windows 10 , 64 bit Build 19041 (10.0.19041.5072)
OS uptime: 6 days 13:58 hours

CPU: total 4 (initial active 4) (2 cores per cpu, 2 threads per core) family 6 model 42 stepping 7 microcode 0x2f, cmov, cx8, fxsr, mmx, sse, sse2, sse3, ssse3, sse4.1, sse4.2, popcnt, vzeroupper, avx, clmul, ht, tsc, tscinvbit, clflush

Memory: 4k page, system-wide physical 1956M (403M free)
TotalPageFile size 7844M (AvailPageFile size 0M)
current process WorkingSet (physical memory assigned to process): 70M, peak: 70M
current process commit charge ("private bytes"): 110M, peak: 111M

vm_info: OpenJDK 64-Bit Server VM (15.0.2+7-27) for windows-amd64 JRE (15.0.2+7-27), built on Dec  7 2020 20:02:38 by "mach5one" with unknown MS VC++:1925

END.
