#
# A fatal error has been detected by the Java Runtime Environment:
#
#  EXCEPTION_UNCAUGHT_CXX_EXCEPTION (0xe06d7363) at pc=0x00007ffe4669b699, pid=6276, tid=1864
#
# JRE version: OpenJDK Runtime Environment (15.0.2+7) (build 15.0.2+7-27)
# Java VM: OpenJDK 64-Bit Server VM (15.0.2+7-27, mixed mode, tiered, compressed oops, g1 gc, windows-amd64)
# Problematic frame:
# C  [KERNELBASE.dll+0x3b699]
#
# No core dump will be written. Minidumps are not enabled by default on client versions of Windows
#
# If you would like to submit a bug report, please visit:
#   https://bugreport.java.com/bugreport/crash.jsp
#

---------------  S U M M A R Y ------------

Command Line: -Dfile.encoding=Cp1252 -XX:+ShowCodeDetailsInExceptionMessages com.xworkz.institute.InstituteQueryRunner

Host: Intel(R) Core(TM) i3-2330M CPU @ 2.20GHz, 4 cores, 1G,  Windows 10 , 64 bit Build 19041 (10.0.19041.5072)
Time: Thu Nov 28 22:35:54 2024 India Standard Time elapsed time: 0.242959 seconds (0d 0h 0m 0s)

---------------  T H R E A D  ---------------

Current thread (0x0000023291be6740):  JavaThread "main" [_thread_in_vm, id=1864, stack(0x000000876cb00000,0x000000876cc00000)]

Stack: [0x000000876cb00000,0x000000876cc00000],  sp=0x000000876cbfe660,  free space=1017k
Native frames: (J=compiled Java code, j=interpreted, Vv=VM code, C=native code)
C  [KERNELBASE.dll+0x3b699]
C  [VCRUNTIME140.dll+0x61e0]
C  [jimage.dll+0x3667]
C  [jimage.dll+0x2a51]
C  [jimage.dll+0x146b]
C  [jimage.dll+0x1ed3]
C  [jimage.dll+0x1f6a]
C  [jimage.dll+0x26a2]
V  [jvm.dll+0x1c6867]
V  [jvm.dll+0x1c5650]
V  [jvm.dll+0x706243]
V  [jvm.dll+0x707c08]
V  [jvm.dll+0x707f03]
V  [jvm.dll+0x20f104]
V  [jvm.dll+0x348fd1]
C  0x000002329560ec00

Java frames: (J=compiled Java code, j=interpreted, Vv=VM code)
j  jdk.internal.module.SystemModulesMap.defaultSystemModules()Ljdk/internal/module/SystemModules;+0 java.base
j  jdk.internal.module.SystemModuleFinders.systemModules(Ljava/lang/String;)Ljdk/internal/module/SystemModules;+10 java.base
j  jdk.internal.module.ModuleBootstrap.boot()Ljava/lang/ModuleLayer;+197 java.base
j  java.lang.System.initPhase2(ZZ)I+0 java.base
v  ~StubRoutines::call_stub

siginfo: EXCEPTION_UNCAUGHT_CXX_EXCEPTION (0xe06d7363), ExceptionInformation=0x0000000019930520 0x000000876cbfe7c0 0x00007ffe400d5120 0x00007ffe400d0000 


Register to memory mapping:

RIP=0x00007ffe4669b699 KERNELBASE.dll
RAX=0x000000876cbfdfe9 is pointing into the stack for thread: 0x0000023291be6740
RBX=0x00007ffe400d5120 jimage.dll
RCX=0x0000000000000002 is an unknown value
RDX=0x00007ffe48cdb3c7 ntdll.dll
RSP=0x000000876cbfe660 is pointing into the stack for thread: 0x0000023291be6740
RBP=0x000000876cbfe8f0 is pointing into the stack for thread: 0x0000023291be6740
RSI=0x000000876cbfe7c0 is pointing into the stack for thread: 0x0000023291be6740
RDI=0x0000000019930520 is an unknown value
R8 =0x00000232a8811970 is pointing into metadata
R9 =0x0000000200000019 is an unknown value
R10=0x00007ffe46b42437 ucrtbase.dll
R11=0x00000001000334f0 is a pointer to class: 
jdk.internal.module.SystemModulesMap {0x00000001000334f8}
R12=0x0000000000012213 is an unknown value
R13=0x0000023291be6740 is a thread
R14=0x00000232a8b108f0 points into unknown readable memory: 0x74656e2f6176616a | 6a 61 76 61 2f 6e 65 74
R15=0x00000232a8b108f0 points into unknown readable memory: 0x74656e2f6176616a | 6a 61 76 61 2f 6e 65 74


Registers:
RAX=0x000000876cbfdfe9, RBX=0x00007ffe400d5120, RCX=0x0000000000000002, RDX=0x00007ffe48cdb3c7
RSP=0x000000876cbfe660, RBP=0x000000876cbfe8f0, RSI=0x000000876cbfe7c0, RDI=0x0000000019930520
R8 =0x00000232a8811970, R9 =0x0000000200000019, R10=0x00007ffe46b42437, R11=0x00000001000334f0
R12=0x0000000000012213, R13=0x0000023291be6740, R14=0x00000232a8b108f0, R15=0x00000232a8b108f0
RIP=0x00007ffe4669b699, EFLAGS=0x0000000000000206

Top of Stack: (sp=0x000000876cbfe660)
0x000000876cbfe660:   00000000000003ff 00007ffe400d5120
0x000000876cbfe670:   000000876cbfe7c0 0000000000000000
0x000000876cbfe680:   00000001e06d7363 0000000000000000
0x000000876cbfe690:   00007ffe4669b699 0000023200000004
0x000000876cbfe6a0:   0000000019930520 000000876cbfe7c0
0x000000876cbfe6b0:   00007ffe400d5120 00007ffe400d0000
0x000000876cbfe6c0:   0000023291be6740 0000000000012213
0x000000876cbfe6d0:   000000876cbfe7c0 000000876cbfe8f0
0x000000876cbfe6e0:   000000876cbfe760 00007ffe48ce4a5f
0x000000876cbfe6f0:   0000000019930520 00007ffe00000000
0x000000876cbfe700:   000000028f998060 00007ffe48d01910
0x000000876cbfe710:   00007ffe400d7000 00007ffe400d0000
0x000000876cbfe720:   0000e773cb64d4f4 00007ffe466c045b
0x000000876cbfe730:   00007ffe400d5120 00007ffe3adc61e0
0x000000876cbfe740:   0000b8b9f4166fcf 00007ffe46b3fde6
0x000000876cbfe750:   0000000000000008 00007ffe46b339ce 

Instructions: (pc=0x00007ffe4669b699)
0x00007ffe4669b599:   d8 21 00 00 41 0f 44 c0 89 43 24 8b 41 18 89 43
0x00007ffe4669b5a9:   28 65 48 8b 04 25 60 00 00 00 48 8b 48 20 39 79
0x00007ffe4669b5b9:   08 7c 36 41 b9 40 00 00 00 48 89 7c 24 20 4c 8d
0x00007ffe4669b5c9:   44 24 30 48 83 c9 ff 41 8d 51 e5 48 ff 15 4d fb
0x00007ffe4669b5d9:   1a 00 0f 1f 44 00 00 85 c0 0f 88 63 63 09 00 81
0x00007ffe4669b5e9:   7c 24 54 33 00 03 00 72 0f 48 8b 9c 24 80 00 00
0x00007ffe4669b5f9:   00 48 83 c4 70 5f c3 cc 89 7b 2c eb ec cc cc cc
0x00007ffe4669b609:   cc cc cc cc cc cc cc 65 48 8b 04 25 30 00 00 00
0x00007ffe4669b619:   8b 40 68 c3 cc cc cc cc cc cc cc cc cc cc cc cc
0x00007ffe4669b629:   cc cc cc cc cc cc cc 48 81 ec d8 00 00 00 48 8b
0x00007ffe4669b639:   05 62 28 28 00 48 33 c4 48 89 84 24 c0 00 00 00
0x00007ffe4669b649:   48 83 64 24 28 00 48 8d 05 da ff ff ff 83 e2 01
0x00007ffe4669b659:   89 4c 24 20 89 54 24 24 48 89 44 24 30 4d 85 c9
0x00007ffe4669b669:   74 4c b8 0f 00 00 00 48 8d 4c 24 40 44 3b c0 49
0x00007ffe4669b679:   8b d1 44 0f 47 c0 44 89 44 24 38 49 c1 e0 03 e8
0x00007ffe4669b689:   1a 26 08 00 48 8d 4c 24 20 48 ff 15 6f fb 1a 00
0x00007ffe4669b699:   0f 1f 44 00 00 48 8b 8c 24 c0 00 00 00 48 33 cc
0x00007ffe4669b6a9:   e8 f2 af 05 00 48 81 c4 d8 00 00 00 c3 cc 83 64
0x00007ffe4669b6b9:   24 38 00 eb cf cc cc cc cc cc cc cc cc cc cc cc
0x00007ffe4669b6c9:   cc cc cc cc cc cc cc 40 53 48 83 ec 30 48 8b d1
0x00007ffe4669b6d9:   48 8d 4c 24 20 e8 d5 cf ff ff 85 c0 74 26 48 8b
0x00007ffe4669b6e9:   4c 24 28 e8 3f 80 ff ff 48 8d 4c 24 20 8b d8 48
0x00007ffe4669b6f9:   ff 15 31 f3 1a 00 0f 1f 44 00 00 8b c3 48 83 c4
0x00007ffe4669b709:   30 5b c3 cc 83 c8 ff eb f4 cc cc cc cc cc cc cc
0x00007ffe4669b719:   cc cc cc cc cc cc cc 48 8b c4 48 89 58 10 48 89
0x00007ffe4669b729:   70 18 57 48 83 ec 60 0f 57 c0 0f 11 40 b8 48 8d
0x00007ffe4669b739:   35 72 55 1b 00 33 db 48 85 c9 48 0f 45 f1 48 8b
0x00007ffe4669b749:   d6 48 8d 48 c8 48 ff 15 93 f9 1a 00 0f 1f 44 00
0x00007ffe4669b759:   00 8b f8 89 44 24 70 85 c0 78 1f 41 b0 01 48 8d
0x00007ffe4669b769:   54 24 30 48 8d 4c 24 20 48 ff 15 e0 f2 1a 00 0f
0x00007ffe4669b779:   1f 44 00 00 8b f8 89 44 24 70 85 ff 0f 88 cd 61
0x00007ffe4669b789:   09 00 48 83 c8 ff 48 8b c8 48 ff c1 66 39 1c 4e 


Stack slot to memory mapping:
stack at sp + 0 slots: 0x00000000000003ff is an unknown value
stack at sp + 1 slots: 0x00007ffe400d5120 jimage.dll
stack at sp + 2 slots: 0x000000876cbfe7c0 is pointing into the stack for thread: 0x0000023291be6740
stack at sp + 3 slots: 0x0 is NULL
stack at sp + 4 slots: 0x00000001e06d7363 is an unknown value
stack at sp + 5 slots: 0x0 is NULL
stack at sp + 6 slots: 0x00007ffe4669b699 KERNELBASE.dll
stack at sp + 7 slots: 0x0000023200000004 is an unknown value


---------------  P R O C E S S  ---------------

Threads class SMR info:
_java_thread_list=0x00000232a8562300, length=9, elements={
0x0000023291be6740, 0x00000232a8523cd0, 0x00000232a85247b0, 0x00000232a855e4d0,
0x00000232a8560ea0, 0x00000232a856a880, 0x00000232a85750b0, 0x00000232a8578a80,
0x00000232a8579380
}

Java Threads: ( => current thread )
=>0x0000023291be6740 JavaThread "main" [_thread_in_vm, id=1864, stack(0x000000876cb00000,0x000000876cc00000)]
  0x00000232a8523cd0 JavaThread "Reference Handler" daemon [_thread_blocked, id=7556, stack(0x000000876d200000,0x000000876d300000)]
  0x00000232a85247b0 JavaThread "Finalizer" daemon [_thread_blocked, id=6284, stack(0x000000876d300000,0x000000876d400000)]
  0x00000232a855e4d0 JavaThread "Signal Dispatcher" daemon [_thread_blocked, id=6720, stack(0x000000876d400000,0x000000876d500000)]
  0x00000232a8560ea0 JavaThread "Attach Listener" daemon [_thread_blocked, id=4952, stack(0x000000876d500000,0x000000876d600000)]
  0x00000232a856a880 JavaThread "Service Thread" daemon [_thread_blocked, id=10220, stack(0x000000876d600000,0x000000876d700000)]
  0x00000232a85750b0 JavaThread "C2 CompilerThread0" daemon [_thread_blocked, id=12012, stack(0x000000876d700000,0x000000876d800000)]
  0x00000232a8578a80 JavaThread "C1 CompilerThread0" daemon [_thread_blocked, id=1652, stack(0x000000876d800000,0x000000876d900000)]
  0x00000232a8579380 JavaThread "Sweeper thread" daemon [_thread_blocked, id=12072, stack(0x000000876d900000,0x000000876da00000)]

Other Threads:
  0x00000232a84cece0 VMThread "VM Thread" [stack: 0x000000876d100000,0x000000876d200000] [id=1644]
  0x0000023291c08a30 GCTaskThread "GC Thread#0" [stack: 0x000000876cc00000,0x000000876cd00000] [id=7516]
  0x0000023291c0e1e0 ConcurrentGCThread "G1 Main Marker" [stack: 0x000000876cd00000,0x000000876ce00000] [id=9292]
  0x0000023291c0ee50 ConcurrentGCThread "G1 Conc#0" [stack: 0x000000876ce00000,0x000000876cf00000] [id=6948]
  0x0000023291c4b240 ConcurrentGCThread "G1 Refine#0" [stack: 0x000000876cf00000,0x000000876d000000] [id=7772]
  0x0000023291c4cd70 ConcurrentGCThread "G1 Young RemSet Sampling" [stack: 0x000000876d000000,0x000000876d100000] [id=10072]

Threads with active compile tasks:

VM state: not at safepoint (normal execution)

VM Mutex/Monitor currently owned by a thread: None

Heap address: 0x00000000e1600000, size: 490 MB, Compressed Oops mode: 32-bit
CDS disabled.
Compressed class space mapped at: 0x0000000100000000-0x0000000140000000, size: 1073741824
Narrow klass base: 0x0000000000000000, Narrow klass shift: 3, Narrow klass range: 0x140000000

GC Precious Log:
 CPUs: 4 total, 4 available
 Memory: 1956M
 Large Page Support: Disabled
 NUMA Support: Disabled
 Compressed Oops: Enabled (32-bit)
 Heap Region Size: 1M
 Heap Min Capacity: 8M
 Heap Initial Capacity: 32M
 Heap Max Capacity: 490M
 Pre-touch: Disabled
 Parallel Workers: 4
 Concurrent Workers: 1
 Concurrent Refinement Workers: 4
 Periodic GC: Disabled

Heap:
 garbage-first heap   total 32768K, used 0K [0x00000000e1600000, 0x0000000100000000)
  region size 1024K, 1 young (1024K), 0 survivors (0K)
 Metaspace       used 2714K, capacity 2952K, committed 3200K, reserved 1060864K
  class space    used 205K, capacity 384K, committed 384K, reserved 1048576K

Heap Regions: E=young(eden), S=young(survivor), O=old, HS=humongous(starts), HC=humongous(continues), CS=collection set, F=free, OA=open archive, CA=closed archive, TAMS=top-at-mark-start (previous, next)
|   0|0x00000000e1600000, 0x00000000e1600000, 0x00000000e1700000|  0%| F|  |TAMS 0x00000000e1600000, 0x00000000e1600000| Untracked 
|   1|0x00000000e1700000, 0x00000000e1700000, 0x00000000e1800000|  0%| F|  |TAMS 0x00000000e1700000, 0x00000000e1700000| Untracked 
|   2|0x00000000e1800000, 0x00000000e1800000, 0x00000000e1900000|  0%| F|  |TAMS 0x00000000e1800000, 0x00000000e1800000| Untracked 
|   3|0x00000000e1900000, 0x00000000e1900000, 0x00000000e1a00000|  0%| F|  |TAMS 0x00000000e1900000, 0x00000000e1900000| Untracked 
|   4|0x00000000e1a00000, 0x00000000e1a00000, 0x00000000e1b00000|  0%| F|  |TAMS 0x00000000e1a00000, 0x00000000e1a00000| Untracked 
|   5|0x00000000e1b00000, 0x00000000e1b00000, 0x00000000e1c00000|  0%| F|  |TAMS 0x00000000e1b00000, 0x00000000e1b00000| Untracked 
|   6|0x00000000e1c00000, 0x00000000e1c00000, 0x00000000e1d00000|  0%| F|  |TAMS 0x00000000e1c00000, 0x00000000e1c00000| Untracked 
|   7|0x00000000e1d00000, 0x00000000e1d00000, 0x00000000e1e00000|  0%| F|  |TAMS 0x00000000e1d00000, 0x00000000e1d00000| Untracked 
|   8|0x00000000e1e00000, 0x00000000e1e00000, 0x00000000e1f00000|  0%| F|  |TAMS 0x00000000e1e00000, 0x00000000e1e00000| Untracked 
|   9|0x00000000e1f00000, 0x00000000e1f00000, 0x00000000e2000000|  0%| F|  |TAMS 0x00000000e1f00000, 0x00000000e1f00000| Untracked 
|  10|0x00000000e2000000, 0x00000000e2000000, 0x00000000e2100000|  0%| F|  |TAMS 0x00000000e2000000, 0x00000000e2000000| Untracked 
|  11|0x00000000e2100000, 0x00000000e2100000, 0x00000000e2200000|  0%| F|  |TAMS 0x00000000e2100000, 0x00000000e2100000| Untracked 
|  12|0x00000000e2200000, 0x00000000e2200000, 0x00000000e2300000|  0%| F|  |TAMS 0x00000000e2200000, 0x00000000e2200000| Untracked 
|  13|0x00000000e2300000, 0x00000000e2300000, 0x00000000e2400000|  0%| F|  |TAMS 0x00000000e2300000, 0x00000000e2300000| Untracked 
|  14|0x00000000e2400000, 0x00000000e2400000, 0x00000000e2500000|  0%| F|  |TAMS 0x00000000e2400000, 0x00000000e2400000| Untracked 
|  15|0x00000000e2500000, 0x00000000e2500000, 0x00000000e2600000|  0%| F|  |TAMS 0x00000000e2500000, 0x00000000e2500000| Untracked 
|  16|0x00000000e2600000, 0x00000000e2600000, 0x00000000e2700000|  0%| F|  |TAMS 0x00000000e2600000, 0x00000000e2600000| Untracked 
|  17|0x00000000e2700000, 0x00000000e2700000, 0x00000000e2800000|  0%| F|  |TAMS 0x00000000e2700000, 0x00000000e2700000| Untracked 
|  18|0x00000000e2800000, 0x00000000e2800000, 0x00000000e2900000|  0%| F|  |TAMS 0x00000000e2800000, 0x00000000e2800000| Untracked 
|  19|0x00000000e2900000, 0x00000000e2900000, 0x00000000e2a00000|  0%| F|  |TAMS 0x00000000e2900000, 0x00000000e2900000| Untracked 
|  20|0x00000000e2a00000, 0x00000000e2a00000, 0x00000000e2b00000|  0%| F|  |TAMS 0x00000000e2a00000, 0x00000000e2a00000| Untracked 
|  21|0x00000000e2b00000, 0x00000000e2b00000, 0x00000000e2c00000|  0%| F|  |TAMS 0x00000000e2b00000, 0x00000000e2b00000| Untracked 
|  22|0x00000000e2c00000, 0x00000000e2c00000, 0x00000000e2d00000|  0%| F|  |TAMS 0x00000000e2c00000, 0x00000000e2c00000| Untracked 
|  23|0x00000000e2d00000, 0x00000000e2d00000, 0x00000000e2e00000|  0%| F|  |TAMS 0x00000000e2d00000, 0x00000000e2d00000| Untracked 
|  24|0x00000000e2e00000, 0x00000000e2e00000, 0x00000000e2f00000|  0%| F|  |TAMS 0x00000000e2e00000, 0x00000000e2e00000| Untracked 
|  25|0x00000000e2f00000, 0x00000000e2f00000, 0x00000000e3000000|  0%| F|  |TAMS 0x00000000e2f00000, 0x00000000e2f00000| Untracked 
|  26|0x00000000e3000000, 0x00000000e3000000, 0x00000000e3100000|  0%| F|  |TAMS 0x00000000e3000000, 0x00000000e3000000| Untracked 
|  27|0x00000000e3100000, 0x00000000e3100000, 0x00000000e3200000|  0%| F|  |TAMS 0x00000000e3100000, 0x00000000e3100000| Untracked 
|  28|0x00000000e3200000, 0x00000000e3200000, 0x00000000e3300000|  0%| F|  |TAMS 0x00000000e3200000, 0x00000000e3200000| Untracked 
|  29|0x00000000e3300000, 0x00000000e3300000, 0x00000000e3400000|  0%| F|  |TAMS 0x00000000e3300000, 0x00000000e3300000| Untracked 
|  30|0x00000000e3400000, 0x00000000e3400000, 0x00000000e3500000|  0%| F|  |TAMS 0x00000000e3400000, 0x00000000e3400000| Untracked 
|  31|0x00000000e3500000, 0x00000000e3542900, 0x00000000e3600000| 26%| E|  |TAMS 0x00000000e3500000, 0x00000000e3500000| Complete 

Card table byte_map: [0x00000232a45f0000,0x00000232a46f0000] _byte_map_base: 0x00000232a3ee5000

Marking Bits (Prev, Next): (CMBitMap*) 0x0000023291c092a0, (CMBitMap*) 0x0000023291c092e0
 Prev Bits: [0x00000232a47f0000, 0x00000232a4f98000)
 Next Bits: [0x00000232a4fa0000, 0x00000232a5748000)

Polling page: 0x000002328fb50000

Metaspace:

Usage:
  Non-class:      2.51 MB capacity,     2.45 MB ( 98%) used,    56.31 KB (  2%) free+waste,     2.62 KB ( <1%) overhead. 
      Class:    384.00 KB capacity,   205.67 KB ( 54%) used,   178.27 KB ( 46%) free+waste,    64 bytes ( <1%) overhead. 
       Both:      2.88 MB capacity,     2.65 MB ( 92%) used,   234.58 KB (  8%) free+waste,     2.69 KB ( <1%) overhead. 

Virtual space:
  Non-class space:       12.00 MB reserved,       2.75 MB ( 23%) committed 
      Class space:        1.00 GB reserved,     384.00 KB ( <1%) committed 
             Both:        1.01 GB reserved,       3.12 MB ( <1%) committed 

Chunk freelists:
   Non-Class:  56.00 KB
       Class:  0 bytes
        Both:  56.00 KB

MaxMetaspaceSize: 17179869184.00 GB
CompressedClassSpaceSize: 1.00 GB

CodeHeap 'non-profiled nmethods': size=120000Kb used=0Kb max_used=0Kb free=120000Kb
 bounds [0x000002329d0c0000, 0x000002329d330000, 0x00000232a45f0000]
CodeHeap 'profiled nmethods': size=120000Kb used=0Kb max_used=0Kb free=120000Kb
 bounds [0x0000023295b90000, 0x0000023295e00000, 0x000002329d0c0000]
CodeHeap 'non-nmethods': size=5760Kb used=1032Kb max_used=1046Kb free=4727Kb
 bounds [0x00000232955f0000, 0x0000023295860000, 0x0000023295b90000]
 total_blobs=251 nmethods=0 adapters=165
 compilation: enabled
              stopped_count=0, restarted_count=0
 full_count=0

Compilation events (0 events):
No events

GC Heap History (0 events):
No events

Deoptimization events (0 events):
No events

Classes unloaded (0 events):
No events

Classes redefined (0 events):
No events

Internal exceptions (0 events):
No events

Events (20 events):
Event: 0.203 loading class java/io/FileSystem
Event: 0.203 loading class java/io/FileSystem done
Event: 0.203 loading class java/io/WinNTFileSystem done
Event: 0.204 loading class jdk/internal/module/ModulePatcher
Event: 0.204 loading class jdk/internal/module/ModulePatcher done
Event: 0.204 loading class jdk/internal/module/ModuleBootstrap$Counters
Event: 0.204 loading class jdk/internal/module/ModuleBootstrap$Counters done
Event: 0.204 loading class jdk/internal/module/ArchivedModuleGraph
Event: 0.204 loading class jdk/internal/module/ArchivedModuleGraph done
Event: 0.205 loading class jdk/internal/module/SystemModuleFinders
Event: 0.205 loading class jdk/internal/module/SystemModuleFinders done
Event: 0.205 loading class java/net/URI
Event: 0.205 loading class java/net/URI done
Event: 0.206 loading class java/net/URI$1
Event: 0.206 loading class jdk/internal/access/JavaNetUriAccess
Event: 0.206 loading class jdk/internal/access/JavaNetUriAccess done
Event: 0.206 loading class java/net/URI$1 done
Event: 0.206 loading class jdk/internal/module/SystemModulesMap
Event: 0.206 loading class jdk/internal/module/SystemModulesMap done
Event: 0.206 loading class jdk/internal/module/SystemModules$default


Dynamic libraries:
0x00007ff678990000 - 0x00007ff67899d000 	C:\Users\DELL\Downloads\eclipse-jee-2021-03-R-win32-x86_64 (1)\eclipse\plugins\org.eclipse.justj.openjdk.hotspot.jre.full.win32.x86_64_15.0.2.v20210201-0955\jre\bin\javaw.exe
0x00007ffe48cb0000 - 0x00007ffe48ea8000 	C:\Windows\SYSTEM32\ntdll.dll
0x00007ffe47bf0000 - 0x00007ffe47cb2000 	C:\Windows\System32\KERNEL32.DLL
0x00007ffe46660000 - 0x00007ffe4695e000 	C:\Windows\System32\KERNELBASE.dll
0x00007ffe46b30000 - 0x00007ffe46c30000 	C:\Windows\System32\ucrtbase.dll
0x00007ffe382d0000 - 0x00007ffe382e8000 	C:\Users\DELL\Downloads\eclipse-jee-2021-03-R-win32-x86_64 (1)\eclipse\plugins\org.eclipse.justj.openjdk.hotspot.jre.full.win32.x86_64_15.0.2.v20210201-0955\jre\bin\jli.dll
0x00007ffe3adc0000 - 0x00007ffe3add9000 	C:\Users\DELL\Downloads\eclipse-jee-2021-03-R-win32-x86_64 (1)\eclipse\plugins\org.eclipse.justj.openjdk.hotspot.jre.full.win32.x86_64_15.0.2.v20210201-0955\jre\bin\VCRUNTIME140.dll
0x00007ffe47520000 - 0x00007ffe476bd000 	C:\Windows\System32\USER32.dll
0x00007ffe46500000 - 0x00007ffe46522000 	C:\Windows\System32\win32u.dll
0x00007ffe48b10000 - 0x00007ffe48b3b000 	C:\Windows\System32\GDI32.dll
0x00007ffe40570000 - 0x00007ffe4080a000 	C:\Windows\WinSxS\amd64_microsoft.windows.common-controls_6595b64144ccf1df_6.0.19041.4355_none_60b8b9eb71f62e16\COMCTL32.dll
0x00007ffe46dc0000 - 0x00007ffe46e5e000 	C:\Windows\System32\msvcrt.dll
0x00007ffe46a10000 - 0x00007ffe46b27000 	C:\Windows\System32\gdi32full.dll
0x00007ffe46c30000 - 0x00007ffe46ccd000 	C:\Windows\System32\msvcp_win.dll
0x00007ffe47cc0000 - 0x00007ffe47cef000 	C:\Windows\System32\IMM32.DLL
0x00007ffe379b0000 - 0x00007ffe379bc000 	C:\Users\DELL\Downloads\eclipse-jee-2021-03-R-win32-x86_64 (1)\eclipse\plugins\org.eclipse.justj.openjdk.hotspot.jre.full.win32.x86_64_15.0.2.v20210201-0955\jre\bin\vcruntime140_1.dll
0x00007ffe1d9f0000 - 0x00007ffe1da81000 	C:\Users\DELL\Downloads\eclipse-jee-2021-03-R-win32-x86_64 (1)\eclipse\plugins\org.eclipse.justj.openjdk.hotspot.jre.full.win32.x86_64_15.0.2.v20210201-0955\jre\bin\msvcp140.dll
0x00007ffe08d60000 - 0x00007ffe098be000 	C:\Users\DELL\Downloads\eclipse-jee-2021-03-R-win32-x86_64 (1)\eclipse\plugins\org.eclipse.justj.openjdk.hotspot.jre.full.win32.x86_64_15.0.2.v20210201-0955\jre\bin\server\jvm.dll
0x00007ffe47b30000 - 0x00007ffe47be1000 	C:\Windows\System32\ADVAPI32.dll
0x00007ffe47a90000 - 0x00007ffe47b2f000 	C:\Windows\System32\sechost.dll
0x00007ffe489e0000 - 0x00007ffe48b03000 	C:\Windows\System32\RPCRT4.dll
0x00007ffe46630000 - 0x00007ffe46657000 	C:\Windows\System32\bcrypt.dll
0x00007ffe46db0000 - 0x00007ffe46db8000 	C:\Windows\System32\PSAPI.DLL
0x00007ffe400e0000 - 0x00007ffe400e9000 	C:\Windows\SYSTEM32\WSOCK32.dll
0x00007ffe36bd0000 - 0x00007ffe36bf7000 	C:\Windows\SYSTEM32\WINMM.dll
0x00007ffe47930000 - 0x00007ffe4799b000 	C:\Windows\System32\WS2_32.dll
0x00007ffe385b0000 - 0x00007ffe385ba000 	C:\Windows\SYSTEM32\VERSION.dll
0x00007ffe441d0000 - 0x00007ffe441e2000 	C:\Windows\SYSTEM32\kernel.appcore.dll
0x00007ffe400d0000 - 0x00007ffe400da000 	C:\Users\DELL\Downloads\eclipse-jee-2021-03-R-win32-x86_64 (1)\eclipse\plugins\org.eclipse.justj.openjdk.hotspot.jre.full.win32.x86_64_15.0.2.v20210201-0955\jre\bin\jimage.dll
0x00007ffe3cd30000 - 0x00007ffe3cf14000 	C:\Windows\SYSTEM32\DBGHELP.DLL
0x00007ffe3cad0000 - 0x00007ffe3cb04000 	C:\Windows\SYSTEM32\dbgcore.DLL
0x00007ffe46530000 - 0x00007ffe465b2000 	C:\Windows\System32\bcryptPrimitives.dll
0x00007ffe296a0000 - 0x00007ffe296c5000 	C:\Users\DELL\Downloads\eclipse-jee-2021-03-R-win32-x86_64 (1)\eclipse\plugins\org.eclipse.justj.openjdk.hotspot.jre.full.win32.x86_64_15.0.2.v20210201-0955\jre\bin\java.dll
0x00007ffe28860000 - 0x00007ffe28878000 	C:\Users\DELL\Downloads\eclipse-jee-2021-03-R-win32-x86_64 (1)\eclipse\plugins\org.eclipse.justj.openjdk.hotspot.jre.full.win32.x86_64_15.0.2.v20210201-0955\jre\bin\zip.dll
0x00007ffe48210000 - 0x00007ffe4897d000 	C:\Windows\System32\SHELL32.dll
0x00007ffe443d0000 - 0x00007ffe44b74000 	C:\Windows\SYSTEM32\windows.storage.dll
0x00007ffe471c0000 - 0x00007ffe47513000 	C:\Windows\System32\combase.dll
0x00007ffe45cb0000 - 0x00007ffe45cde000 	C:\Windows\SYSTEM32\Wldp.dll
0x00007ffe47030000 - 0x00007ffe470fd000 	C:\Windows\System32\OLEAUT32.dll
0x00007ffe48160000 - 0x00007ffe4820d000 	C:\Windows\System32\SHCORE.dll
0x00007ffe48980000 - 0x00007ffe489d5000 	C:\Windows\System32\shlwapi.dll
0x00007ffe46280000 - 0x00007ffe462a4000 	C:\Windows\SYSTEM32\profapi.dll

dbghelp: loaded successfully - version: 4.0.5 - missing functions: none
symbol engine: initialized successfully - sym options: 0x614 - pdb path: .;C:\Users\DELL\Downloads\eclipse-jee-2021-03-R-win32-x86_64 (1)\eclipse\plugins\org.eclipse.justj.openjdk.hotspot.jre.full.win32.x86_64_15.0.2.v20210201-0955\jre\bin;C:\Windows\SYSTEM32;C:\Windows\WinSxS\amd64_microsoft.windows.common-controls_6595b64144ccf1df_6.0.19041.4355_none_60b8b9eb71f62e16;C:\Users\DELL\Downloads\eclipse-jee-2021-03-R-win32-x86_64 (1)\eclipse\plugins\org.eclipse.justj.openjdk.hotspot.jre.full.win32.x86_64_15.0.2.v20210201-0955\jre\bin\server

VM Arguments:
jvm_args: -Dfile.encoding=Cp1252 -XX:+ShowCodeDetailsInExceptionMessages 
java_command: com.xworkz.institute.InstituteQueryRunner
java_class_path (initial): C:\Users\DELL\Desktop\eclipse\institute\target\classes;C:\Users\DELL\Downloads\apache-tomcat-9.0.38-windows-x64\apache-tomcat-9.0.38\lib\annotations-api.jar;C:\Users\DELL\Downloads\apache-tomcat-9.0.38-windows-x64\apache-tomcat-9.0.38\lib\catalina-ant.jar;C:\Users\DELL\Downloads\apache-tomcat-9.0.38-windows-x64\apache-tomcat-9.0.38\lib\catalina-ha.jar;C:\Users\DELL\Downloads\apache-tomcat-9.0.38-windows-x64\apache-tomcat-9.0.38\lib\catalina-ssi.jar;C:\Users\DELL\Downloads\apache-tomcat-9.0.38-windows-x64\apache-tomcat-9.0.38\lib\catalina-storeconfig.jar;C:\Users\DELL\Downloads\apache-tomcat-9.0.38-windows-x64\apache-tomcat-9.0.38\lib\catalina-tribes.jar;C:\Users\DELL\Downloads\apache-tomcat-9.0.38-windows-x64\apache-tomcat-9.0.38\lib\catalina.jar;C:\Users\DELL\Downloads\apache-tomcat-9.0.38-windows-x64\apache-tomcat-9.0.38\lib\ecj-4.15.jar;C:\Users\DELL\Downloads\apache-tomcat-9.0.38-windows-x64\apache-tomcat-9.0.38\lib\el-api.jar;C:\Users\DELL\Downloads\apache-tomcat-9.0.38-windows-x64\apache-tomcat-9.0.38\lib\jasper-el.jar;C:\Users\DELL\Downloads\apache-tomcat-9.0.38-windows-x64\apache-tomcat-9.0.38\lib\jasper.jar;C:\Users\DELL\Downloads\apache-tomcat-9.0.38-windows-x64\apache-tomcat-9.0.38\lib\jaspic-api.jar;C:\Users\DELL\Downloads\apache-tomcat-9.0.38-windows-x64\apache-tomcat-9.0.38\lib\jsp-api.jar;C:\Users\DELL\Downloads\apache-tomcat-9.0.38-windows-x64\apache-tomcat-9.0.38\lib\servlet-api.jar;C:\Users\DELL\Downloads\apache-tomcat-9.0.38-windows-x64\apache-tomcat-9.0.38\lib\tomcat-api.jar;C:\Users\DELL\Downloads\apache-tomcat-9.0.38-windows-x64\apache-tomcat-9.0.38\lib\tomcat-coyote.jar;C:\Users\DELL\Downloads\apache-tomcat-9.0.38-windows-x64\apache-tomcat-9.0.38\lib\tomcat-dbcp.jar;C:\Users\DELL\Downloads\apache-tomcat-9.0.38-windows-x64\apache-tomcat-9.0.38\lib\tomcat-i18n-cs.jar;C:\Users\DELL\Downloads\apache-tomcat-9.0.38-windows-x64\apache-tomcat-9.0.38\lib\tomcat-i18n-de.jar;C:\Users\DELL\Downloads\apache-tomcat-9.0.38-window
Launcher Type: SUN_STANDARD

[Global flags]
     intx CICompilerCount                          = 3                                         {product} {ergonomic}
     uint ConcGCThreads                            = 1                                         {product} {ergonomic}
     uint G1ConcRefinementThreads                  = 4                                         {product} {ergonomic}
   size_t G1HeapRegionSize                         = 1048576                                   {product} {ergonomic}
    uintx GCDrainStackTargetSize                   = 64                                        {product} {ergonomic}
   size_t InitialHeapSize                          = 33554432                                  {product} {ergonomic}
   size_t MarkStackSize                            = 4194304                                   {product} {ergonomic}
   size_t MaxHeapSize                              = 513802240                                 {product} {ergonomic}
   size_t MaxNewSize                               = 308281344                                 {product} {ergonomic}
   size_t MinHeapDeltaBytes                        = 1048576                                   {product} {ergonomic}
   size_t MinHeapSize                              = 8388608                                   {product} {ergonomic}
    uintx NonNMethodCodeHeapSize                   = 5832780                                {pd product} {ergonomic}
    uintx NonProfiledCodeHeapSize                  = 122912730                              {pd product} {ergonomic}
    uintx ProfiledCodeHeapSize                     = 122912730                              {pd product} {ergonomic}
    uintx ReservedCodeCacheSize                    = 251658240                              {pd product} {ergonomic}
     bool SegmentedCodeCache                       = true                                      {product} {ergonomic}
     bool ShowCodeDetailsInExceptionMessages       = true                                   {manageable} {command line}
   size_t SoftMaxHeapSize                          = 513802240                              {manageable} {ergonomic}
     bool UseCompressedClassPointers               = true                                 {lp64_product} {ergonomic}
     bool UseCompressedOops                        = true                                 {lp64_product} {ergonomic}
     bool UseG1GC                                  = true                                      {product} {ergonomic}
     bool UseLargePagesIndividualAllocation        = false                                  {pd product} {ergonomic}

Logging:
Log output configuration:
 #0: stdout all=warning uptime,level,tags
 #1: stderr all=off uptime,level,tags

Environment Variables:
JAVA_HOME=C:\Program Files\Java\jdk1.8.0_261
PATH=C:/Users/DELL/Downloads/eclipse-jee-2021-03-R-win32-x86_64 (1)/eclipse//plugins/org.eclipse.justj.openjdk.hotspot.jre.full.win32.x86_64_15.0.2.v20210201-0955/jre/bin/server;C:/Users/DELL/Downloads/eclipse-jee-2021-03-R-win32-x86_64 (1)/eclipse//plugins/org.eclipse.justj.openjdk.hotspot.jre.full.win32.x86_64_15.0.2.v20210201-0955/jre/bin;C:\Program Files (x86)\Common Files\Oracle\Java\javapath;C:\Windows\system32;C:\Windows;C:\Windows\System32\Wbem;C:\Windows\System32\WindowsPowerShell\v1.0\;C:\Windows\System32\OpenSSH\;C:\Program Files\Git\cmd;C:\Program Files\MySQL\MySQL Shell 8.0\bin\;C:\Program Files\Java\jdk1.8.0_261\bin;C:\Users\DELL\Downloads\apache-tomcat-9.0.38-windows-x64\apache-tomcat-9.0.38\bin;;;C:\Program Files\Java\jre1.8.0_261\bin;C:\Users\DELL\AppData\Local\Programs\Microsoft VS Code\bin;C:\Users\DELL\Downloads\eclipse-jee-2021-03-R-win32-x86_64 (1)\eclipse;
USERNAME=DELL
OS=Windows_NT
PROCESSOR_IDENTIFIER=Intel64 Family 6 Model 42 Stepping 7, GenuineIntel



---------------  S Y S T E M  ---------------

OS:
 Windows 10 , 64 bit Build 19041 (10.0.19041.5072)
OS uptime: 6 days 14:03 hours

CPU: total 4 (initial active 4) (2 cores per cpu, 2 threads per core) family 6 model 42 stepping 7 microcode 0x2f, cmov, cx8, fxsr, mmx, sse, sse2, sse3, ssse3, sse4.1, sse4.2, popcnt, vzeroupper, avx, clmul, ht, tsc, tscinvbit, clflush

Memory: 4k page, system-wide physical 1956M (271M free)
TotalPageFile size 7844M (AvailPageFile size 2M)
current process WorkingSet (physical memory assigned to process): 22M, peak: 23M
current process commit charge ("private bytes"): 91M, peak: 91M

vm_info: OpenJDK 64-Bit Server VM (15.0.2+7-27) for windows-amd64 JRE (15.0.2+7-27), built on Dec  7 2020 20:02:38 by "mach5one" with unknown MS VC++:1925

END.
